2025-03-14 13:31:25,709 - INFO - Starting application
2025-03-14 13:31:25,710 - INFO - Started server process [48698]
2025-03-14 13:31:25,710 - INFO - Waiting for application startup.
2025-03-14 13:31:25,775 - INFO - Application startup complete.
2025-03-14 13:32:48,929 - INFO - Shutting down
2025-03-14 13:32:49,032 - INFO - Waiting for application shutdown.
2025-03-14 13:32:49,033 - INFO - Application shutdown complete.
2025-03-14 13:32:49,033 - INFO - Finished server process [48698]
2025-03-14 13:32:53,137 - INFO - Starting application
2025-03-14 13:32:53,138 - INFO - Started server process [48837]
2025-03-14 13:32:53,138 - INFO - Waiting for application startup.
2025-03-14 13:32:53,138 - INFO - Starting database initialization...
2025-03-14 13:32:53,164 - INFO - Creating users table if not exists...
2025-03-14 13:32:53,167 - INFO - Creating user_resumes table if not exists...
2025-03-14 13:32:53,167 - INFO - Creating jobs table if not exists...
2025-03-14 13:32:53,167 - INFO - Creating match_results table if not exists...
2025-03-14 13:32:53,168 - INFO - Creating indexes...
2025-03-14 13:32:53,168 - INFO - Database initialization completed successfully!
2025-03-14 13:32:53,169 - INFO - Application startup complete.
2025-03-14 13:32:55,086 - INFO - Shutting down
2025-03-14 13:32:55,188 - INFO - Waiting for application shutdown.
2025-03-14 13:32:55,188 - INFO - Application shutdown complete.
2025-03-14 13:32:55,188 - INFO - Finished server process [48837]
2025-03-14 13:32:58,486 - INFO - Starting application
2025-03-14 13:32:58,486 - INFO - Started server process [48846]
2025-03-14 13:32:58,486 - INFO - Waiting for application startup.
2025-03-14 13:32:58,487 - INFO - Starting database initialization...
2025-03-14 13:32:58,513 - INFO - Creating users table if not exists...
2025-03-14 13:32:58,515 - INFO - Creating user_resumes table if not exists...
2025-03-14 13:32:58,515 - INFO - Creating jobs table if not exists...
2025-03-14 13:32:58,515 - INFO - Creating match_results table if not exists...
2025-03-14 13:32:58,516 - INFO - Creating indexes...
2025-03-14 13:32:58,516 - INFO - Database initialization completed successfully!
2025-03-14 13:32:58,517 - INFO - Application startup complete.
2025-03-14 13:32:59,933 - INFO - Shutting down
2025-03-14 13:33:00,034 - INFO - Waiting for application shutdown.
2025-03-14 13:33:00,035 - INFO - Application shutdown complete.
2025-03-14 13:33:00,035 - INFO - Finished server process [48846]
2025-03-14 13:33:02,767 - INFO - Starting application
2025-03-14 13:33:02,768 - INFO - Started server process [48857]
2025-03-14 13:33:02,768 - INFO - Waiting for application startup.
2025-03-14 13:33:02,768 - INFO - Starting database initialization...
2025-03-14 13:33:02,821 - INFO - Creating users table if not exists...
2025-03-14 13:33:02,823 - INFO - Creating user_resumes table if not exists...
2025-03-14 13:33:02,824 - INFO - Creating jobs table if not exists...
2025-03-14 13:33:02,824 - INFO - Creating match_results table if not exists...
2025-03-14 13:33:02,824 - INFO - Creating indexes...
2025-03-14 13:33:02,825 - INFO - Database initialization completed successfully!
2025-03-14 13:33:02,826 - INFO - Application startup complete.
2025-03-14 13:33:16,561 - INFO - Shutting down
2025-03-14 13:33:16,663 - INFO - Waiting for application shutdown.
2025-03-14 13:33:16,663 - INFO - Application shutdown complete.
2025-03-14 13:33:16,663 - INFO - Finished server process [48857]
2025-03-14 13:33:21,549 - INFO - Starting application
2025-03-14 13:33:21,549 - INFO - Started server process [48921]
2025-03-14 13:33:21,549 - INFO - Waiting for application startup.
2025-03-14 13:33:21,549 - INFO - Starting database initialization...
2025-03-14 13:33:21,588 - INFO - Creating users table if not exists...
2025-03-14 13:33:21,591 - INFO - Creating user_resumes table if not exists...
2025-03-14 13:33:21,591 - INFO - Creating jobs table if not exists...
2025-03-14 13:33:21,591 - INFO - Creating match_results table if not exists...
2025-03-14 13:33:21,592 - INFO - Creating indexes...
2025-03-14 13:33:21,592 - INFO - Database initialization completed successfully!
2025-03-14 13:33:21,593 - INFO - Application startup complete.
2025-03-14 13:33:36,753 - INFO - Shutting down
2025-03-14 13:33:36,856 - INFO - Waiting for application shutdown.
2025-03-14 13:33:36,856 - INFO - Application shutdown complete.
2025-03-14 13:33:36,857 - INFO - Finished server process [48921]
2025-03-14 13:33:40,203  - Starting application
2025-03-14 13:33:40,203  - Started server process [49012]
2025-03-14 13:33:40,203  - Waiting for application startup.
2025-03-14 13:33:40,203  - Starting database initialization...
2025-03-14 13:33:40,227  - Creating users table if not exists...
2025-03-14 13:33:40,229  - Creating user_resumes table if not exists...
2025-03-14 13:33:40,230  - Creating jobs table if not exists...
2025-03-14 13:33:40,230  - Creating match_results table if not exists...
2025-03-14 13:33:40,230  - Creating indexes...
2025-03-14 13:33:40,231  - Database initialization completed successfully!
2025-03-14 13:33:40,231  - Application startup complete.
2025-03-14 13:33:43,367 - Starting application
2025-03-14 13:33:43,367 - Started server process [49036]
2025-03-14 13:33:43,367 - Waiting for application startup.
2025-03-14 13:33:43,367 - Starting database initialization...
2025-03-14 13:33:43,396 - Creating users table if not exists...
2025-03-14 13:33:43,397 - Creating user_resumes table if not exists...
2025-03-14 13:33:43,398 - Creating jobs table if not exists...
2025-03-14 13:33:43,398 - Creating match_results table if not exists...
2025-03-14 13:33:43,398 - Creating indexes...
2025-03-14 13:33:43,399 - Database initialization completed successfully!
2025-03-14 13:33:43,400 - Application startup complete.
2025-03-14 13:33:51,175 - Shutting down
2025-03-14 13:33:51,277 - Waiting for application shutdown.
2025-03-14 13:33:51,278 - Application shutdown complete.
2025-03-14 13:33:51,278 - Finished server process [49036]
2025-03-14 13:33:54,404 - Started server process [49077]
2025-03-14 13:33:54,404 - Waiting for application startup.
2025-03-14 13:33:54,404 - Starting database initialization...
2025-03-14 13:33:54,429 - Creating users table if not exists...
2025-03-14 13:33:54,431 - Creating user_resumes table if not exists...
2025-03-14 13:33:54,431 - Creating jobs table if not exists...
2025-03-14 13:33:54,431 - Creating match_results table if not exists...
2025-03-14 13:33:54,432 - Creating indexes...
2025-03-14 13:33:54,433 - Database initialization completed successfully!
2025-03-14 13:33:54,433 - Application startup complete.
2025-03-14 13:34:01,204 - Shutting down
2025-03-14 13:34:01,307 - Waiting for application shutdown.
2025-03-14 13:34:01,309 - Application shutdown complete.
2025-03-14 13:34:01,309 - Finished server process [49077]
2025-03-14 13:34:05,601 - Started server process [49113]
2025-03-14 13:34:05,602 - Waiting for application startup.
2025-03-14 13:34:05,602 - Starting database initialization...
2025-03-14 13:34:05,623 - Creating users table if not exists...
2025-03-14 13:34:05,625 - Creating user_resumes table if not exists...
2025-03-14 13:34:05,626 - Creating jobs table if not exists...
2025-03-14 13:34:05,626 - Creating match_results table if not exists...
2025-03-14 13:34:05,626 - Creating indexes...
2025-03-14 13:34:05,627 - Database initialization completed successfully!
2025-03-14 13:34:05,627 - Application startup complete.
2025-03-14 13:41:02,714 - Shutting down
2025-03-14 13:41:02,892 - Waiting for application shutdown.
2025-03-14 13:41:02,943 - Application shutdown complete.
2025-03-14 13:41:02,945 - Finished server process [49113]
2025-03-14 13:41:06,575 - Started server process [49589]
2025-03-14 13:41:06,575 - Waiting for application startup.
2025-03-14 13:41:06,575 - Starting database initialization...
2025-03-14 13:41:06,626 - Creating users table if not exists...
2025-03-14 13:41:06,638 - Creating user_resumes table if not exists...
2025-03-14 13:41:06,639 - Creating jobs table if not exists...
2025-03-14 13:41:06,639 - Creating match_results table if not exists...
2025-03-14 13:41:06,640 - Creating indexes...
2025-03-14 13:41:06,640 - Database initialization completed successfully!
2025-03-14 13:41:06,641 - Application startup complete.
2025-03-14 13:41:35,879 - Shutting down
2025-03-14 13:41:35,990 - Waiting for application shutdown.
2025-03-14 13:41:35,993 - Application shutdown complete.
2025-03-14 13:41:35,993 - Finished server process [49589]
2025-03-14 13:41:40,955 - Started server process [49653]
2025-03-14 13:41:40,955 - Waiting for application startup.
2025-03-14 13:41:40,955 - Starting database initialization...
2025-03-14 13:41:40,982 - Creating users table if not exists...
2025-03-14 13:41:40,986 - Creating user_resumes table if not exists...
2025-03-14 13:41:40,987 - Creating jobs table if not exists...
2025-03-14 13:41:40,987 - Creating match_results table if not exists...
2025-03-14 13:41:40,987 - Creating indexes...
2025-03-14 13:41:40,988 - Database initialization completed successfully!
2025-03-14 13:41:40,988 - Application startup complete.
2025-03-14 13:42:23,650 - Shutting down
2025-03-14 13:42:23,753 - Waiting for application shutdown.
2025-03-14 13:42:23,753 - Application shutdown complete.
2025-03-14 13:42:23,753 - Finished server process [49653]
2025-03-14 13:50:12,801 - Started server process [50494]
2025-03-14 13:50:12,802 - Waiting for application startup.
2025-03-14 13:50:12,802 - Starting database initialization...
2025-03-14 13:50:12,856 - Creating users table if not exists...
2025-03-14 13:50:12,861 - Creating user_resumes table if not exists...
2025-03-14 13:50:12,862 - Creating jobs table if not exists...
2025-03-14 13:50:12,862 - Creating match_results table if not exists...
2025-03-14 13:50:12,863 - Creating indexes...
2025-03-14 13:50:12,864 - Database initialization completed successfully!
2025-03-14 13:50:12,865 - Application startup complete.
2025-03-14 13:50:15,697 - Started server process [50508]
2025-03-14 13:50:15,698 - Waiting for application startup.
2025-03-14 13:50:15,698 - Starting database initialization...
2025-03-14 13:50:15,729 - Creating users table if not exists...
2025-03-14 13:50:15,731 - Creating user_resumes table if not exists...
2025-03-14 13:50:15,731 - Creating jobs table if not exists...
2025-03-14 13:50:15,732 - Creating match_results table if not exists...
2025-03-14 13:50:15,733 - Creating indexes...
2025-03-14 13:50:15,734 - Database initialization completed successfully!
2025-03-14 13:50:15,735 - Application startup complete.
2025-03-14 13:50:18,688 - Started server process [50510]
2025-03-14 13:50:18,691 - Waiting for application startup.
2025-03-14 13:50:18,691 - Starting database initialization...
2025-03-14 13:50:18,720 - Creating users table if not exists...
2025-03-14 13:50:18,721 - Creating user_resumes table if not exists...
2025-03-14 13:50:18,722 - Creating jobs table if not exists...
2025-03-14 13:50:18,722 - Creating match_results table if not exists...
2025-03-14 13:50:18,723 - Creating indexes...
2025-03-14 13:50:18,723 - Database initialization completed successfully!
2025-03-14 13:50:18,724 - Application startup complete.
2025-03-14 13:50:21,540 - Started server process [50521]
2025-03-14 13:50:21,540 - Waiting for application startup.
2025-03-14 13:50:21,540 - Starting database initialization...
2025-03-14 13:50:21,582 - Creating users table if not exists...
2025-03-14 13:50:21,584 - Creating user_resumes table if not exists...
2025-03-14 13:50:21,584 - Creating jobs table if not exists...
2025-03-14 13:50:21,585 - Creating match_results table if not exists...
2025-03-14 13:50:21,585 - Creating indexes...
2025-03-14 13:50:21,586 - Database initialization completed successfully!
2025-03-14 13:50:21,586 - Application startup complete.
2025-03-14 13:50:26,134 - Shutting down
2025-03-14 13:50:26,236 - Waiting for application shutdown.
2025-03-14 13:50:26,237 - Application shutdown complete.
2025-03-14 13:50:26,237 - Finished server process [50521]
2025-03-14 13:50:29,219 - Started server process [50553]
2025-03-14 13:50:29,220 - Waiting for application startup.
2025-03-14 13:50:29,220 - Starting database initialization...
2025-03-14 13:50:29,245 - Creating users table if not exists...
2025-03-14 13:50:29,247 - Creating user_resumes table if not exists...
2025-03-14 13:50:29,248 - Creating jobs table if not exists...
2025-03-14 13:50:29,248 - Creating match_results table if not exists...
2025-03-14 13:50:29,249 - Creating indexes...
2025-03-14 13:50:29,249 - Database initialization completed successfully!
2025-03-14 13:50:29,250 - Application startup complete.
2025-03-14 14:28:34,112 - Shutting down
2025-03-14 14:28:34,284 - Waiting for application shutdown.
2025-03-14 14:28:34,289 - Application shutdown complete.
2025-03-14 14:28:34,291 - Finished server process [50553]
2025-03-14 14:28:37,897 - Started server process [52019]
2025-03-14 14:28:37,918 - Waiting for application startup.
2025-03-14 14:28:37,918 - Starting database initialization...
2025-03-14 14:28:37,985 - Creating users table if not exists...
2025-03-14 14:28:37,991 - Creating user_resumes table if not exists...
2025-03-14 14:28:37,991 - Creating jobs table if not exists...
2025-03-14 14:28:37,992 - Creating match_results table if not exists...
2025-03-14 14:28:37,993 - Creating indexes...
2025-03-14 14:28:37,994 - Database initialization completed successfully!
2025-03-14 14:28:37,995 - Application startup complete.
2025-03-14 14:28:49,519 - Shutting down
2025-03-14 14:28:49,622 - Waiting for application shutdown.
2025-03-14 14:28:49,622 - Application shutdown complete.
2025-03-14 14:28:49,622 - Finished server process [52019]
2025-03-14 14:28:52,891 - Started server process [52063]
2025-03-14 14:28:52,892 - Waiting for application startup.
2025-03-14 14:28:52,892 - Starting database initialization...
2025-03-14 14:28:52,917 - Creating users table if not exists...
2025-03-14 14:28:52,921 - Creating user_resumes table if not exists...
2025-03-14 14:28:52,921 - Creating jobs table if not exists...
2025-03-14 14:28:52,922 - Creating match_results table if not exists...
2025-03-14 14:28:52,922 - Creating indexes...
2025-03-14 14:28:52,923 - Database initialization completed successfully!
2025-03-14 14:28:52,923 - Application startup complete.
2025-03-14 14:28:55,046 - Shutting down
2025-03-14 14:28:55,147 - Waiting for application shutdown.
2025-03-14 14:28:55,148 - Application shutdown complete.
2025-03-14 14:28:55,148 - Finished server process [52063]
2025-03-14 14:28:58,379 - Started server process [52081]
2025-03-14 14:28:58,380 - Waiting for application startup.
2025-03-14 14:28:58,380 - Starting database initialization...
2025-03-14 14:28:58,405 - Creating users table if not exists...
2025-03-14 14:28:58,408 - Creating user_resumes table if not exists...
2025-03-14 14:28:58,408 - Creating jobs table if not exists...
2025-03-14 14:28:58,409 - Creating match_results table if not exists...
2025-03-14 14:28:58,409 - Creating indexes...
2025-03-14 14:28:58,411 - Database initialization completed successfully!
2025-03-14 14:28:58,411 - Application startup complete.
2025-03-14 14:29:01,391 - Started server process [52092]
2025-03-14 14:29:01,391 - Waiting for application startup.
2025-03-14 14:29:01,391 - Starting database initialization...
2025-03-14 14:29:01,413 - Creating users table if not exists...
2025-03-14 14:29:01,415 - Creating user_resumes table if not exists...
2025-03-14 14:29:01,416 - Creating jobs table if not exists...
2025-03-14 14:29:01,417 - Creating match_results table if not exists...
2025-03-14 14:29:01,418 - Creating indexes...
2025-03-14 14:29:01,419 - Database initialization completed successfully!
2025-03-14 14:29:01,420 - Application startup complete.
2025-03-14 14:29:07,036 - Started server process [52104]
2025-03-14 14:29:07,037 - Waiting for application startup.
2025-03-14 14:29:07,037 - Starting database initialization...
2025-03-14 14:29:07,061 - Creating users table if not exists...
2025-03-14 14:29:07,064 - Creating user_resumes table if not exists...
2025-03-14 14:29:07,065 - Creating jobs table if not exists...
2025-03-14 14:29:07,065 - Creating match_results table if not exists...
2025-03-14 14:29:07,065 - Creating indexes...
2025-03-14 14:29:07,066 - Database initialization completed successfully!
2025-03-14 14:29:07,067 - Application startup complete.
2025-03-14 14:29:20,108 - Shutting down
2025-03-14 14:29:20,221 - Waiting for application shutdown.
2025-03-14 14:29:20,222 - Application shutdown complete.
2025-03-14 14:29:20,222 - Finished server process [52104]
2025-03-14 14:29:23,814 - Started server process [52126]
2025-03-14 14:29:23,815 - Waiting for application startup.
2025-03-14 14:29:23,815 - Starting database initialization...
2025-03-14 14:29:23,842 - Creating users table if not exists...
2025-03-14 14:29:23,844 - Creating user_resumes table if not exists...
2025-03-14 14:29:23,845 - Creating jobs table if not exists...
2025-03-14 14:29:23,846 - Creating match_results table if not exists...
2025-03-14 14:29:23,846 - Creating indexes...
2025-03-14 14:29:23,847 - Database initialization completed successfully!
2025-03-14 14:29:23,848 - Application startup complete.
2025-03-14 14:29:27,687 - Shutting down
2025-03-14 14:29:27,790 - Waiting for application shutdown.
2025-03-14 14:29:27,791 - Application shutdown complete.
2025-03-14 14:29:27,791 - Finished server process [52126]
2025-03-14 14:29:31,127 - Started server process [52152]
2025-03-14 14:29:31,128 - Waiting for application startup.
2025-03-14 14:29:31,128 - Starting database initialization...
2025-03-14 14:29:31,160 - Creating users table if not exists...
2025-03-14 14:29:31,163 - Creating user_resumes table if not exists...
2025-03-14 14:29:31,164 - Creating jobs table if not exists...
2025-03-14 14:29:31,164 - Creating match_results table if not exists...
2025-03-14 14:29:31,165 - Creating indexes...
2025-03-14 14:29:31,165 - Database initialization completed successfully!
2025-03-14 14:29:31,166 - Application startup complete.
2025-03-14 14:29:36,013 - Shutting down
2025-03-14 14:29:36,115 - Waiting for application shutdown.
2025-03-14 14:29:36,116 - Application shutdown complete.
2025-03-14 14:29:36,116 - Finished server process [52152]
2025-03-14 14:29:39,324 - Started server process [52172]
2025-03-14 14:29:39,324 - Waiting for application startup.
2025-03-14 14:29:39,325 - Starting database initialization...
2025-03-14 14:29:39,353 - Creating users table if not exists...
2025-03-14 14:29:39,357 - Creating user_resumes table if not exists...
2025-03-14 14:29:39,358 - Creating jobs table if not exists...
2025-03-14 14:29:39,361 - Creating match_results table if not exists...
2025-03-14 14:29:39,363 - Creating indexes...
2025-03-14 14:29:39,364 - Database initialization completed successfully!
2025-03-14 14:29:39,365 - Application startup complete.
2025-03-14 14:29:42,458 - Started server process [52180]
2025-03-14 14:29:42,459 - Waiting for application startup.
2025-03-14 14:29:42,459 - Starting database initialization...
2025-03-14 14:29:42,491 - Creating users table if not exists...
2025-03-14 14:29:42,494 - Creating user_resumes table if not exists...
2025-03-14 14:29:42,495 - Creating jobs table if not exists...
2025-03-14 14:29:42,496 - Creating match_results table if not exists...
2025-03-14 14:29:42,496 - Creating indexes...
2025-03-14 14:29:42,497 - Database initialization completed successfully!
2025-03-14 14:29:42,498 - Application startup complete.
2025-03-14 14:29:52,195 - Shutting down
2025-03-14 14:29:52,298 - Waiting for application shutdown.
2025-03-14 14:29:52,300 - Application shutdown complete.
2025-03-14 14:29:52,301 - Finished server process [52180]
2025-03-14 14:29:58,993 - Started server process [52225]
2025-03-14 14:29:58,994 - Waiting for application startup.
2025-03-14 14:29:58,994 - Starting database initialization...
2025-03-14 14:29:59,025 - Creating users table if not exists...
2025-03-14 14:29:59,028 - Creating user_resumes table if not exists...
2025-03-14 14:29:59,028 - Creating jobs table if not exists...
2025-03-14 14:29:59,029 - Creating match_results table if not exists...
2025-03-14 14:29:59,029 - Creating indexes...
2025-03-14 14:29:59,030 - Database initialization completed successfully!
2025-03-14 14:29:59,031 - Application startup complete.
2025-03-14 14:30:01,048 - Shutting down
2025-03-14 14:30:01,148 - Waiting for application shutdown.
2025-03-14 14:30:01,149 - Application shutdown complete.
2025-03-14 14:30:01,149 - Finished server process [52225]
2025-03-14 14:30:04,671 - Started server process [52241]
2025-03-14 14:30:04,672 - Waiting for application startup.
2025-03-14 14:30:04,672 - Starting database initialization...
2025-03-14 14:30:04,699 - Creating users table if not exists...
2025-03-14 14:30:04,701 - Creating user_resumes table if not exists...
2025-03-14 14:30:04,701 - Creating jobs table if not exists...
2025-03-14 14:30:04,702 - Creating match_results table if not exists...
2025-03-14 14:30:04,702 - Creating indexes...
2025-03-14 14:30:04,703 - Database initialization completed successfully!
2025-03-14 14:30:04,703 - Application startup complete.
2025-03-14 14:30:07,476 - Started server process [52249]
2025-03-14 14:30:07,477 - Waiting for application startup.
2025-03-14 14:30:07,477 - Starting database initialization...
2025-03-14 14:30:07,503 - Creating users table if not exists...
2025-03-14 14:30:07,505 - Creating user_resumes table if not exists...
2025-03-14 14:30:07,507 - Creating jobs table if not exists...
2025-03-14 14:30:07,507 - Creating match_results table if not exists...
2025-03-14 14:30:07,508 - Creating indexes...
2025-03-14 14:30:07,508 - Database initialization completed successfully!
2025-03-14 14:30:07,509 - Application startup complete.
2025-03-14 14:30:10,353 - Started server process [52255]
2025-03-14 14:30:10,354 - Waiting for application startup.
2025-03-14 14:30:10,354 - Starting database initialization...
2025-03-14 14:30:10,396 - Creating users table if not exists...
2025-03-14 14:30:10,398 - Creating user_resumes table if not exists...
2025-03-14 14:30:10,398 - Creating jobs table if not exists...
2025-03-14 14:30:10,399 - Creating match_results table if not exists...
2025-03-14 14:30:10,399 - Creating indexes...
2025-03-14 14:30:10,400 - Database initialization completed successfully!
2025-03-14 14:30:10,400 - Application startup complete.
2025-03-14 14:30:18,886 - Shutting down
2025-03-14 14:30:18,988 - Waiting for application shutdown.
2025-03-14 14:30:18,989 - Application shutdown complete.
2025-03-14 14:30:18,989 - Finished server process [52255]
2025-03-14 14:30:22,402 - Started server process [52286]
2025-03-14 14:30:22,402 - Waiting for application startup.
2025-03-14 14:30:22,403 - Starting database initialization...
2025-03-14 14:30:22,431 - Creating users table if not exists...
2025-03-14 14:30:22,435 - Creating user_resumes table if not exists...
2025-03-14 14:30:22,435 - Creating jobs table if not exists...
2025-03-14 14:30:22,436 - Creating match_results table if not exists...
2025-03-14 14:30:22,436 - Creating indexes...
2025-03-14 14:30:22,437 - Database initialization completed successfully!
2025-03-14 14:30:22,438 - Application startup complete.
2025-03-14 14:30:28,600 - Shutting down
2025-03-14 14:30:28,705 - Waiting for application shutdown.
2025-03-14 14:30:28,706 - Application shutdown complete.
2025-03-14 14:30:28,706 - Finished server process [52286]
2025-03-14 14:30:32,040 - Started server process [52311]
2025-03-14 14:30:32,041 - Waiting for application startup.
2025-03-14 14:30:32,041 - Starting database initialization...
2025-03-14 14:30:32,073 - Creating users table if not exists...
2025-03-14 14:30:32,081 - Creating user_resumes table if not exists...
2025-03-14 14:30:32,081 - Creating jobs table if not exists...
2025-03-14 14:30:32,082 - Creating match_results table if not exists...
2025-03-14 14:30:32,082 - Creating indexes...
2025-03-14 14:30:32,083 - Database initialization completed successfully!
2025-03-14 14:30:32,084 - Application startup complete.
2025-03-14 14:30:35,113 - Started server process [52323]
2025-03-14 14:30:35,114 - Waiting for application startup.
2025-03-14 14:30:35,114 - Starting database initialization...
2025-03-14 14:30:35,147 - Creating users table if not exists...
2025-03-14 14:30:35,149 - Creating user_resumes table if not exists...
2025-03-14 14:30:35,150 - Creating jobs table if not exists...
2025-03-14 14:30:35,150 - Creating match_results table if not exists...
2025-03-14 14:30:35,151 - Creating indexes...
2025-03-14 14:30:35,152 - Database initialization completed successfully!
2025-03-14 14:30:35,152 - Application startup complete.
2025-03-14 14:30:38,139 - Started server process [52331]
2025-03-14 14:30:38,140 - Waiting for application startup.
2025-03-14 14:30:38,141 - Starting database initialization...
2025-03-14 14:30:38,165 - Creating users table if not exists...
2025-03-14 14:30:38,168 - Creating user_resumes table if not exists...
2025-03-14 14:30:38,169 - Creating jobs table if not exists...
2025-03-14 14:30:38,170 - Creating match_results table if not exists...
2025-03-14 14:30:38,171 - Creating indexes...
2025-03-14 14:30:38,172 - Database initialization completed successfully!
2025-03-14 14:30:38,172 - Application startup complete.
2025-03-14 14:32:10,740 - Shutting down
2025-03-14 14:32:10,852 - Waiting for application shutdown.
2025-03-14 14:32:10,853 - Application shutdown complete.
2025-03-14 14:32:10,854 - Finished server process [52331]
2025-03-14 14:32:16,453 - Started server process [53221]
2025-03-14 14:32:16,454 - Waiting for application startup.
2025-03-14 14:32:16,454 - Starting database initialization...
2025-03-14 14:32:16,488 - Creating users table if not exists...
2025-03-14 14:32:16,491 - Creating user_resumes table if not exists...
2025-03-14 14:32:16,492 - Creating jobs table if not exists...
2025-03-14 14:32:16,492 - Creating match_results table if not exists...
2025-03-14 14:32:16,493 - Creating indexes...
2025-03-14 14:32:16,494 - Database initialization completed successfully!
2025-03-14 14:32:16,494 - Application startup complete.
2025-03-14 14:32:19,763 - Started server process [53237]
2025-03-14 14:32:19,764 - Waiting for application startup.
2025-03-14 14:32:19,764 - Starting database initialization...
2025-03-14 14:32:19,789 - Creating users table if not exists...
2025-03-14 14:32:19,792 - Creating user_resumes table if not exists...
2025-03-14 14:32:19,793 - Creating jobs table if not exists...
2025-03-14 14:32:19,793 - Creating match_results table if not exists...
2025-03-14 14:32:19,794 - Creating indexes...
2025-03-14 14:32:19,795 - Database initialization completed successfully!
2025-03-14 14:32:19,796 - Application startup complete.
2025-03-14 14:32:22,695 - Started server process [53245]
2025-03-14 14:32:22,696 - Waiting for application startup.
2025-03-14 14:32:22,697 - Starting database initialization...
2025-03-14 14:32:22,728 - Creating users table if not exists...
2025-03-14 14:32:22,731 - Creating user_resumes table if not exists...
2025-03-14 14:32:22,731 - Creating jobs table if not exists...
2025-03-14 14:32:22,732 - Creating match_results table if not exists...
2025-03-14 14:32:22,732 - Creating indexes...
2025-03-14 14:32:22,733 - Database initialization completed successfully!
2025-03-14 14:32:22,734 - Application startup complete.
2025-03-14 14:32:25,812 - Started server process [53260]
2025-03-14 14:32:25,812 - Waiting for application startup.
2025-03-14 14:32:25,813 - Starting database initialization...
2025-03-14 14:32:25,836 - Creating users table if not exists...
2025-03-14 14:32:25,838 - Creating user_resumes table if not exists...
2025-03-14 14:32:25,839 - Creating jobs table if not exists...
2025-03-14 14:32:25,840 - Creating match_results table if not exists...
2025-03-14 14:32:25,840 - Creating indexes...
2025-03-14 14:32:25,841 - Database initialization completed successfully!
2025-03-14 14:32:25,841 - Application startup complete.
2025-03-14 14:32:26,046 - Shutting down
2025-03-14 14:32:26,147 - Waiting for application shutdown.
2025-03-14 14:32:26,147 - Application shutdown complete.
2025-03-14 14:32:26,148 - Finished server process [53260]
2025-03-14 14:32:28,994 - Started server process [53262]
2025-03-14 14:32:28,999 - Waiting for application startup.
2025-03-14 14:32:28,999 - Starting database initialization...
2025-03-14 14:32:29,030 - Creating users table if not exists...
2025-03-14 14:32:29,035 - Creating user_resumes table if not exists...
2025-03-14 14:32:29,036 - Creating jobs table if not exists...
2025-03-14 14:32:29,036 - Creating match_results table if not exists...
2025-03-14 14:32:29,037 - Creating indexes...
2025-03-14 14:32:29,040 - Database initialization completed successfully!
2025-03-14 14:32:29,042 - Application startup complete.
2025-03-14 14:35:20,305 - Logging in user john@gmail.com
2025-03-14 14:35:37,296 - Registering user email='test@gmail.com' full_name='Ian' password='12345678'
2025-03-14 14:35:37,937 - Logging in user test@gmail.com
2025-03-14 14:35:38,225 - Getting current user user_id='62efd923-f54f-4fd2-8d63-e6f792523138' email='test@gmail.com' full_name='Ian' is_active=True is_verified=False role='user' created_at=datetime.datetime(2025, 3, 14, 14, 35, 37, 319128) updated_at=datetime.datetime(2025, 3, 14, 14, 35, 37, 319128)
2025-03-14 14:35:38,302 - Getting latest resume for user 62efd923-f54f-4fd2-8d63-e6f792523138
2025-03-14 14:35:38,335 - Getting current user user_id='62efd923-f54f-4fd2-8d63-e6f792523138' email='test@gmail.com' full_name='Ian' is_active=True is_verified=False role='user' created_at=datetime.datetime(2025, 3, 14, 14, 35, 37, 319128) updated_at=datetime.datetime(2025, 3, 14, 14, 35, 37, 319128)
2025-03-14 14:35:38,336 - Getting latest resume for user 62efd923-f54f-4fd2-8d63-e6f792523138
2025-03-14 14:35:38,363 - Getting latest resume for user 62efd923-f54f-4fd2-8d63-e6f792523138
2025-03-14 14:35:53,510 - Uploading resume
2025-03-14 14:35:55,319 - Getting latest resume for user 62efd923-f54f-4fd2-8d63-e6f792523138
2025-03-14 14:36:18,358 - Getting latest resume for user 62efd923-f54f-4fd2-8d63-e6f792523138
2025-03-14 14:36:18,459 - Getting latest resume for user 62efd923-f54f-4fd2-8d63-e6f792523138
2025-03-14 14:36:25,384 - Searching for jobs and matching with user 62efd923-f54f-4fd2-8d63-e6f792523138
2025-03-14 14:36:25,385 - Getting latest resume for user 62efd923-f54f-4fd2-8d63-e6f792523138
2025-03-14 14:36:25,410 - Searching for jobs with params {'keywords': 'Software', 'location_name': 'United States', 'experience': ['2', '3'], 'job_type': ['F', 'C'], 'remote': ['1', '2'], 'limit': 5}
2025-03-14 14:36:55,087 - Matching resume to jobs for user 62efd923-f54f-4fd2-8d63-e6f792523138
2025-03-14 14:36:55,143 - Storing match results for user 62efd923-f54f-4fd2-8d63-e6f792523138
2025-03-14 14:37:36,071 - Getting match history for user 62efd923-f54f-4fd2-8d63-e6f792523138
2025-03-14 14:37:36,199 - Getting match history for user 62efd923-f54f-4fd2-8d63-e6f792523138
2025-03-14 14:39:24,993 - Getting match history for user 62efd923-f54f-4fd2-8d63-e6f792523138
2025-03-14 14:39:25,058 - Getting match history for user 62efd923-f54f-4fd2-8d63-e6f792523138
2025-03-14 14:41:41,996 - Shutting down
2025-03-14 14:41:42,099 - Finished server process [53262]
2025-03-14 15:03:52,957 - Started server process [56127]
2025-03-14 15:03:52,960 - Waiting for application startup.
2025-03-14 15:03:52,960 - Starting database initialization...
2025-03-14 15:03:53,042 - Creating users table if not exists...
2025-03-14 15:03:53,051 - Creating user_resumes table if not exists...
2025-03-14 15:03:53,052 - Creating jobs table if not exists...
2025-03-14 15:03:53,052 - Creating match_results table if not exists...
2025-03-14 15:03:53,052 - Creating indexes...
2025-03-14 15:03:53,054 - Database initialization completed successfully!
2025-03-14 15:03:53,057 - Application startup complete.
2025-03-14 15:04:10,330 - {'url': '/api/auth/me', 'method': 'GET'}
2025-03-14 15:04:10,392 - Getting current user user_id='62efd923-f54f-4fd2-8d63-e6f792523138' email='test@gmail.com' full_name='Ian' is_active=True is_verified=False role='user' created_at=datetime.datetime(2025, 3, 14, 14, 35, 37, 319128) updated_at=datetime.datetime(2025, 3, 14, 14, 35, 37, 319128)
2025-03-14 15:04:10,397 - {'url': '/api/auth/me', 'method': 'GET'}
2025-03-14 15:04:10,409 - Getting current user user_id='62efd923-f54f-4fd2-8d63-e6f792523138' email='test@gmail.com' full_name='Ian' is_active=True is_verified=False role='user' created_at=datetime.datetime(2025, 3, 14, 14, 35, 37, 319128) updated_at=datetime.datetime(2025, 3, 14, 14, 35, 37, 319128)
2025-03-14 15:04:10,413 - {'url': '/api/auth/me', 'method': 'GET'}
2025-03-14 15:04:10,425 - Getting current user user_id='62efd923-f54f-4fd2-8d63-e6f792523138' email='test@gmail.com' full_name='Ian' is_active=True is_verified=False role='user' created_at=datetime.datetime(2025, 3, 14, 14, 35, 37, 319128) updated_at=datetime.datetime(2025, 3, 14, 14, 35, 37, 319128)
2025-03-14 15:04:10,428 - {'url': '/api/auth/me', 'method': 'GET'}
2025-03-14 15:04:10,441 - Getting current user user_id='62efd923-f54f-4fd2-8d63-e6f792523138' email='test@gmail.com' full_name='Ian' is_active=True is_verified=False role='user' created_at=datetime.datetime(2025, 3, 14, 14, 35, 37, 319128) updated_at=datetime.datetime(2025, 3, 14, 14, 35, 37, 319128)
2025-03-14 15:04:10,466 - {'url': '/api/resumes/user', 'method': 'GET'}
2025-03-14 15:04:10,483 - {'url': '/api/resumes/user', 'method': 'GET'}
2025-03-14 15:04:25,786 - {'url': '/api/auth/login', 'method': 'POST'}
2025-03-14 15:04:25,789 - Logging in user test@gmail.com
2025-03-14 15:04:26,090 - {'url': '/api/auth/me', 'method': 'GET'}
2025-03-14 15:04:26,111 - Getting current user user_id='62efd923-f54f-4fd2-8d63-e6f792523138' email='test@gmail.com' full_name='Ian' is_active=True is_verified=False role='user' created_at=datetime.datetime(2025, 3, 14, 14, 35, 37, 319128) updated_at=datetime.datetime(2025, 3, 14, 14, 35, 37, 319128)
2025-03-14 15:04:26,161 - {'url': '/api/auth/me', 'method': 'GET'}
2025-03-14 15:04:26,176 - Getting current user user_id='62efd923-f54f-4fd2-8d63-e6f792523138' email='test@gmail.com' full_name='Ian' is_active=True is_verified=False role='user' created_at=datetime.datetime(2025, 3, 14, 14, 35, 37, 319128) updated_at=datetime.datetime(2025, 3, 14, 14, 35, 37, 319128)
2025-03-14 15:04:26,176 - {'url': '/api/resumes/user', 'method': 'GET'}
2025-03-14 15:04:26,190 - {'url': '/api/resumes/user', 'method': 'GET'}
2025-03-14 15:04:26,203 - {'url': '/api/resumes/user', 'method': 'GET'}
2025-03-14 15:05:01,776 - Shutting down
2025-03-14 15:05:01,879 - Waiting for application shutdown.
2025-03-14 15:05:01,880 - Application shutdown complete.
2025-03-14 15:05:01,880 - Finished server process [56127]
2025-03-14 15:05:05,377 - Started server process [56250]
2025-03-14 15:05:05,379 - Waiting for application startup.
2025-03-14 15:05:05,379 - Starting database initialization...
2025-03-14 15:05:05,402 - Creating users table if not exists...
2025-03-14 15:05:05,404 - Creating user_resumes table if not exists...
2025-03-14 15:05:05,404 - Creating jobs table if not exists...
2025-03-14 15:05:05,405 - Creating match_results table if not exists...
2025-03-14 15:05:05,405 - Creating indexes...
2025-03-14 15:05:05,406 - Database initialization completed successfully!
2025-03-14 15:05:05,406 - Application startup complete.
2025-03-14 15:05:08,347 - Started server process [56263]
2025-03-14 15:05:08,348 - Waiting for application startup.
2025-03-14 15:05:08,348 - Starting database initialization...
2025-03-14 15:05:08,383 - Creating users table if not exists...
2025-03-14 15:05:08,385 - Creating user_resumes table if not exists...
2025-03-14 15:05:08,385 - Creating jobs table if not exists...
2025-03-14 15:05:08,385 - Creating match_results table if not exists...
2025-03-14 15:05:08,386 - Creating indexes...
2025-03-14 15:05:08,386 - Database initialization completed successfully!
2025-03-14 15:05:08,387 - Application startup complete.
2025-03-14 15:05:13,483 - Shutting down
2025-03-14 15:05:13,585 - Waiting for application shutdown.
2025-03-14 15:05:13,586 - Application shutdown complete.
2025-03-14 15:05:13,586 - Finished server process [56263]
2025-03-14 15:05:16,486 - Started server process [56287]
2025-03-14 15:05:16,487 - Waiting for application startup.
2025-03-14 15:05:16,487 - Starting database initialization...
2025-03-14 15:05:16,510 - Creating users table if not exists...
2025-03-14 15:05:16,512 - Creating user_resumes table if not exists...
2025-03-14 15:05:16,513 - Creating jobs table if not exists...
2025-03-14 15:05:16,513 - Creating match_results table if not exists...
2025-03-14 15:05:16,514 - Creating indexes...
2025-03-14 15:05:16,514 - Database initialization completed successfully!
2025-03-14 15:05:16,515 - Application startup complete.
2025-03-14 15:06:14,863 - Shutting down
2025-03-14 15:06:14,971 - Waiting for application shutdown.
2025-03-14 15:06:14,974 - Application shutdown complete.
2025-03-14 15:06:14,974 - Finished server process [56287]
2025-03-14 15:06:18,094 - Started server process [56412]
2025-03-14 15:06:18,095 - Waiting for application startup.
2025-03-14 15:06:18,095 - Starting database initialization...
2025-03-14 15:06:18,126 - Creating users table if not exists...
2025-03-14 15:06:18,128 - Creating user_resumes table if not exists...
2025-03-14 15:06:18,129 - Creating jobs table if not exists...
2025-03-14 15:06:18,129 - Creating match_results table if not exists...
2025-03-14 15:06:18,130 - Creating indexes...
2025-03-14 15:06:18,130 - Database initialization completed successfully!
2025-03-14 15:06:18,132 - Application startup complete.
2025-03-14 15:06:18,334 - Shutting down
2025-03-14 15:06:18,436 - Waiting for application shutdown.
2025-03-14 15:06:18,436 - Application shutdown complete.
2025-03-14 15:06:18,437 - Finished server process [56412]
2025-03-14 15:06:21,302 - Started server process [56422]
2025-03-14 15:06:21,303 - Waiting for application startup.
2025-03-14 15:06:21,303 - Starting database initialization...
2025-03-14 15:06:21,327 - Creating users table if not exists...
2025-03-14 15:06:21,328 - Creating user_resumes table if not exists...
2025-03-14 15:06:21,328 - Creating jobs table if not exists...
2025-03-14 15:06:21,329 - Creating match_results table if not exists...
2025-03-14 15:06:21,329 - Creating indexes...
2025-03-14 15:06:21,330 - Database initialization completed successfully!
2025-03-14 15:06:21,330 - Application startup complete.
2025-03-14 15:06:24,811 - Started server process [56429]
2025-03-14 15:06:24,812 - Waiting for application startup.
2025-03-14 15:06:24,812 - Starting database initialization...
2025-03-14 15:06:24,846 - Creating users table if not exists...
2025-03-14 15:06:24,849 - Creating user_resumes table if not exists...
2025-03-14 15:06:24,850 - Creating jobs table if not exists...
2025-03-14 15:06:24,850 - Creating match_results table if not exists...
2025-03-14 15:06:24,851 - Creating indexes...
2025-03-14 15:06:24,851 - Database initialization completed successfully!
2025-03-14 15:06:24,852 - Application startup complete.
2025-03-14 15:06:28,221 - Started server process [56431]
2025-03-14 15:06:28,222 - Waiting for application startup.
2025-03-14 15:06:28,222 - Starting database initialization...
2025-03-14 15:06:28,241 - Creating users table if not exists...
2025-03-14 15:06:28,242 - Creating user_resumes table if not exists...
2025-03-14 15:06:28,243 - Creating jobs table if not exists...
2025-03-14 15:06:28,243 - Creating match_results table if not exists...
2025-03-14 15:06:28,244 - Creating indexes...
2025-03-14 15:06:28,244 - Database initialization completed successfully!
2025-03-14 15:06:28,245 - Application startup complete.
2025-03-14 15:07:04,394 - Shutting down
2025-03-14 15:07:04,498 - Waiting for application shutdown.
2025-03-14 15:07:04,499 - Application shutdown complete.
2025-03-14 15:07:04,499 - Finished server process [56431]
2025-03-14 15:07:30,344 - Started server process [56544]
2025-03-14 15:07:30,345 - Waiting for application startup.
2025-03-14 15:07:30,346 - ASGI 'lifespan' protocol appears unsupported.
2025-03-14 15:07:30,346 - Application startup complete.
2025-03-14 15:07:36,128 - Shutting down
2025-03-14 15:07:36,233 - Finished server process [56544]
2025-03-14 15:07:39,528 - Started server process [56571]
2025-03-14 15:07:39,529 - Waiting for application startup.
2025-03-14 15:07:39,529 - ASGI 'lifespan' protocol appears unsupported.
2025-03-14 15:07:39,529 - Application startup complete.
2025-03-14 15:09:17,394 - Shutting down
2025-03-14 15:09:17,518 - Finished server process [56571]
2025-03-14 15:13:02,341 - Started server process [57106]
2025-03-14 15:13:02,343 - Waiting for application startup.
2025-03-14 15:13:02,343 - Starting database initialization...
2025-03-14 15:13:02,466 - Creating users table if not exists...
2025-03-14 15:13:02,471 - Creating user_resumes table if not exists...
2025-03-14 15:13:02,472 - Creating jobs table if not exists...
2025-03-14 15:13:02,472 - Creating match_results table if not exists...
2025-03-14 15:13:02,473 - Creating indexes...
2025-03-14 15:13:02,474 - Database initialization completed successfully!
2025-03-14 15:13:02,474 - Application startup complete.
2025-03-14 15:13:09,111 - {'url': '/api/resumes/user', 'method': 'GET'}
2025-03-14 15:13:09,164 - {'url': '/api/resumes/user', 'method': 'GET'}
2025-03-14 15:13:15,424 - {'url': '/api/resumes/user', 'method': 'GET'}
2025-03-14 15:13:15,542 - {'url': '/api/resumes/user', 'method': 'GET'}
2025-03-14 15:13:21,019 - {'url': '/api/auth/login', 'method': 'POST'}
2025-03-14 15:13:21,022 - Logging in user test@gmail.com
2025-03-14 15:13:21,345 - {'url': '/api/auth/me', 'method': 'GET'}
2025-03-14 15:13:21,358 - Getting current user user_id='62efd923-f54f-4fd2-8d63-e6f792523138' email='test@gmail.com' full_name='Ian' is_active=True is_verified=False role='user' created_at=datetime.datetime(2025, 3, 14, 14, 35, 37, 319128) updated_at=datetime.datetime(2025, 3, 14, 14, 35, 37, 319128)
2025-03-14 15:13:21,389 - {'url': '/api/auth/me', 'method': 'GET'}
2025-03-14 15:13:21,402 - Getting current user user_id='62efd923-f54f-4fd2-8d63-e6f792523138' email='test@gmail.com' full_name='Ian' is_active=True is_verified=False role='user' created_at=datetime.datetime(2025, 3, 14, 14, 35, 37, 319128) updated_at=datetime.datetime(2025, 3, 14, 14, 35, 37, 319128)
2025-03-14 15:13:21,404 - {'url': '/api/resumes/user', 'method': 'GET'}
2025-03-14 15:13:21,418 - {'url': '/api/resumes/user', 'method': 'GET'}
2025-03-14 15:13:21,431 - {'url': '/api/resumes/user', 'method': 'GET'}
2025-03-14 15:18:43,018 - Shutting down
2025-03-14 15:18:43,123 - Waiting for application shutdown.
2025-03-14 15:18:43,124 - Application shutdown complete.
2025-03-14 15:18:43,125 - Finished server process [57106]
2025-03-14 15:18:46,775 - Started server process [57473]
2025-03-14 15:18:46,780 - Waiting for application startup.
2025-03-14 15:18:46,781 - Starting database initialization...
2025-03-14 15:18:46,812 - Creating users table if not exists...
2025-03-14 15:18:46,825 - Creating user_resumes table if not exists...
2025-03-14 15:18:46,826 - Creating jobs table if not exists...
2025-03-14 15:18:46,826 - Creating match_results table if not exists...
2025-03-14 15:18:46,827 - Creating indexes...
2025-03-14 15:18:46,827 - Database initialization completed successfully!
2025-03-14 15:18:46,828 - Application startup complete.
2025-03-14 15:19:01,014 - {'url': '/api/auth/login', 'method': 'POST'}
2025-03-14 15:19:01,019 - Logging in user test@gmail.com
2025-03-14 15:19:01,376 - {'url': '/api/auth/me', 'method': 'GET'}
2025-03-14 15:19:01,398 - Getting current user user_id='62efd923-f54f-4fd2-8d63-e6f792523138' email='test@gmail.com' full_name='Ian' is_active=True is_verified=False role='user' created_at=datetime.datetime(2025, 3, 14, 14, 35, 37, 319128) updated_at=datetime.datetime(2025, 3, 14, 14, 35, 37, 319128)
2025-03-14 15:19:01,483 - {'url': '/api/auth/me', 'method': 'GET'}
2025-03-14 15:19:01,483 - {'url': '/api/resumes/user', 'method': 'GET'}
2025-03-14 15:19:01,531 - Getting current user user_id='62efd923-f54f-4fd2-8d63-e6f792523138' email='test@gmail.com' full_name='Ian' is_active=True is_verified=False role='user' created_at=datetime.datetime(2025, 3, 14, 14, 35, 37, 319128) updated_at=datetime.datetime(2025, 3, 14, 14, 35, 37, 319128)
2025-03-14 15:19:01,533 - {'url': '/api/resumes/user', 'method': 'GET'}
2025-03-14 15:19:01,549 - {'url': '/api/resumes/user', 'method': 'GET'}
2025-03-14 15:19:02,114 - {'url': '/api/resumes/user', 'method': 'GET'}
2025-03-14 15:19:02,129 - {'url': '/api/resumes/user', 'method': 'GET'}
2025-03-14 15:21:16,926 - Shutting down
2025-03-14 15:21:17,031 - Waiting for application shutdown.
2025-03-14 15:21:17,032 - Application shutdown complete.
2025-03-14 15:21:17,033 - Finished server process [57473]
2025-03-14 15:21:20,676 - Started server process [57649]
2025-03-14 15:21:20,679 - Waiting for application startup.
2025-03-14 15:21:20,681 - Starting database initialization...
2025-03-14 15:21:21,152 - Creating users table if not exists...
2025-03-14 15:21:21,184 - Creating user_resumes table if not exists...
2025-03-14 15:21:21,212 - Creating jobs table if not exists...
2025-03-14 15:21:21,258 - Creating match_results table if not exists...
2025-03-14 15:21:21,305 - Creating indexes...
2025-03-14 15:21:21,334 - Database initialization completed successfully!
2025-03-14 15:21:21,340 - Application startup complete.
2025-03-14 15:21:23,568 - Shutting down
2025-03-14 15:21:23,671 - Waiting for application shutdown.
2025-03-14 15:21:23,673 - Application shutdown complete.
2025-03-14 15:21:23,674 - Finished server process [57649]
2025-03-14 15:21:26,956 - Started server process [57670]
2025-03-14 15:21:26,956 - Waiting for application startup.
2025-03-14 15:21:26,957 - Starting database initialization...
2025-03-14 15:21:26,983 - Creating users table if not exists...
2025-03-14 15:21:26,990 - Creating user_resumes table if not exists...
2025-03-14 15:21:26,990 - Creating jobs table if not exists...
2025-03-14 15:21:26,991 - Creating match_results table if not exists...
2025-03-14 15:21:26,991 - Creating indexes...
2025-03-14 15:21:26,993 - Database initialization completed successfully!
2025-03-14 15:21:26,993 - Application startup complete.
2025-03-14 15:21:34,374 - Shutting down
2025-03-14 15:21:34,477 - Waiting for application shutdown.
2025-03-14 15:21:34,477 - Application shutdown complete.
2025-03-14 15:21:34,477 - Finished server process [57670]
2025-03-14 15:21:38,794 - Started server process [57712]
2025-03-14 15:21:38,794 - Waiting for application startup.
2025-03-14 15:21:38,795 - Starting database initialization...
2025-03-14 15:21:38,819 - Creating users table if not exists...
2025-03-14 15:21:38,822 - Creating user_resumes table if not exists...
2025-03-14 15:21:38,822 - Creating jobs table if not exists...
2025-03-14 15:21:38,823 - Creating match_results table if not exists...
2025-03-14 15:21:38,824 - Creating indexes...
2025-03-14 15:21:38,825 - Database initialization completed successfully!
2025-03-14 15:21:38,825 - Application startup complete.
2025-03-14 15:21:41,771 - Started server process [57724]
2025-03-14 15:21:41,772 - Waiting for application startup.
2025-03-14 15:21:41,773 - Starting database initialization...
2025-03-14 15:21:41,798 - Creating users table if not exists...
2025-03-14 15:21:41,800 - Creating user_resumes table if not exists...
2025-03-14 15:21:41,800 - Creating jobs table if not exists...
2025-03-14 15:21:41,801 - Creating match_results table if not exists...
2025-03-14 15:21:41,801 - Creating indexes...
2025-03-14 15:21:41,802 - Database initialization completed successfully!
2025-03-14 15:21:41,802 - Application startup complete.
2025-03-14 15:21:59,710 - Shutting down
2025-03-14 15:21:59,813 - Waiting for application shutdown.
2025-03-14 15:21:59,816 - Application shutdown complete.
2025-03-14 15:21:59,817 - Finished server process [57724]
2025-03-14 15:22:03,289 - Started server process [57756]
2025-03-14 15:22:03,290 - Waiting for application startup.
2025-03-14 15:22:03,290 - Starting database initialization...
2025-03-14 15:22:03,318 - Creating users table if not exists...
2025-03-14 15:22:03,321 - Creating user_resumes table if not exists...
2025-03-14 15:22:03,321 - Creating jobs table if not exists...
2025-03-14 15:22:03,322 - Creating match_results table if not exists...
2025-03-14 15:22:03,322 - Creating indexes...
2025-03-14 15:22:03,323 - Database initialization completed successfully!
2025-03-14 15:22:03,323 - Application startup complete.
2025-03-14 15:22:34,268 - Shutting down
2025-03-14 15:22:34,371 - Waiting for application shutdown.
2025-03-14 15:22:34,372 - Application shutdown complete.
2025-03-14 15:22:34,372 - Finished server process [57756]
2025-03-14 15:22:37,804 - Started server process [57798]
2025-03-14 15:22:37,804 - Waiting for application startup.
2025-03-14 15:22:37,804 - Starting database initialization...
2025-03-14 15:22:37,838 - Creating users table if not exists...
2025-03-14 15:22:37,841 - Creating user_resumes table if not exists...
2025-03-14 15:22:37,848 - Creating jobs table if not exists...
2025-03-14 15:22:37,849 - Creating match_results table if not exists...
2025-03-14 15:22:37,851 - Creating indexes...
2025-03-14 15:22:37,852 - Database initialization completed successfully!
2025-03-14 15:22:37,853 - Application startup complete.
2025-03-14 15:22:38,258 - Shutting down
2025-03-14 15:22:38,373 - Waiting for application shutdown.
2025-03-14 15:22:38,374 - Application shutdown complete.
2025-03-14 15:22:38,374 - Finished server process [57798]
2025-03-14 15:22:41,342 - Started server process [57814]
2025-03-14 15:22:41,343 - Waiting for application startup.
2025-03-14 15:22:41,343 - Starting database initialization...
2025-03-14 15:22:41,405 - Creating users table if not exists...
2025-03-14 15:22:41,409 - Creating user_resumes table if not exists...
2025-03-14 15:22:41,413 - Creating jobs table if not exists...
2025-03-14 15:22:41,415 - Creating match_results table if not exists...
2025-03-14 15:22:41,418 - Creating indexes...
2025-03-14 15:22:41,420 - Database initialization completed successfully!
2025-03-14 15:22:41,422 - Application startup complete.
2025-03-14 15:22:44,080 - Started server process [57826]
2025-03-14 15:22:44,080 - Waiting for application startup.
2025-03-14 15:22:44,081 - Starting database initialization...
2025-03-14 15:22:44,106 - Creating users table if not exists...
2025-03-14 15:22:44,108 - Creating user_resumes table if not exists...
2025-03-14 15:22:44,108 - Creating jobs table if not exists...
2025-03-14 15:22:44,109 - Creating match_results table if not exists...
2025-03-14 15:22:44,109 - Creating indexes...
2025-03-14 15:22:44,110 - Database initialization completed successfully!
2025-03-14 15:22:44,110 - Application startup complete.
2025-03-14 15:22:47,107 - Started server process [57836]
2025-03-14 15:22:47,108 - Waiting for application startup.
2025-03-14 15:22:47,108 - Starting database initialization...
2025-03-14 15:22:47,135 - Creating users table if not exists...
2025-03-14 15:22:47,137 - Creating user_resumes table if not exists...
2025-03-14 15:22:47,137 - Creating jobs table if not exists...
2025-03-14 15:22:47,138 - Creating match_results table if not exists...
2025-03-14 15:22:47,138 - Creating indexes...
2025-03-14 15:22:47,141 - Database initialization completed successfully!
2025-03-14 15:22:47,142 - Application startup complete.
2025-03-14 15:22:53,438 - Started server process [57847]
2025-03-14 15:22:53,440 - Waiting for application startup.
2025-03-14 15:22:53,441 - Starting database initialization...
2025-03-14 15:22:53,486 - Creating users table if not exists...
2025-03-14 15:22:53,488 - Creating user_resumes table if not exists...
2025-03-14 15:22:53,489 - Creating jobs table if not exists...
2025-03-14 15:22:53,489 - Creating match_results table if not exists...
2025-03-14 15:22:53,490 - Creating indexes...
2025-03-14 15:22:53,491 - Database initialization completed successfully!
2025-03-14 15:22:53,491 - Application startup complete.
2025-03-14 15:22:56,477 - Started server process [57856]
2025-03-14 15:22:56,477 - Waiting for application startup.
2025-03-14 15:22:56,478 - Starting database initialization...
2025-03-14 15:22:56,502 - Creating users table if not exists...
2025-03-14 15:22:56,504 - Creating user_resumes table if not exists...
2025-03-14 15:22:56,505 - Creating jobs table if not exists...
2025-03-14 15:22:56,505 - Creating match_results table if not exists...
2025-03-14 15:22:56,506 - Creating indexes...
2025-03-14 15:22:56,507 - Database initialization completed successfully!
2025-03-14 15:22:56,507 - Application startup complete.
2025-03-14 15:22:56,710 - Shutting down
2025-03-14 15:22:56,811 - Waiting for application shutdown.
2025-03-14 15:22:56,812 - Application shutdown complete.
2025-03-14 15:22:56,812 - Finished server process [57856]
2025-03-14 15:22:59,730 - Started server process [57866]
2025-03-14 15:22:59,731 - Waiting for application startup.
2025-03-14 15:22:59,732 - Starting database initialization...
2025-03-14 15:22:59,831 - Creating users table if not exists...
2025-03-14 15:22:59,834 - Creating user_resumes table if not exists...
2025-03-14 15:22:59,834 - Creating jobs table if not exists...
2025-03-14 15:22:59,835 - Creating match_results table if not exists...
2025-03-14 15:22:59,835 - Creating indexes...
2025-03-14 15:22:59,836 - Database initialization completed successfully!
2025-03-14 15:22:59,837 - Application startup complete.
2025-03-14 15:23:02,798 - Started server process [57873]
2025-03-14 15:23:02,799 - Waiting for application startup.
2025-03-14 15:23:02,799 - Starting database initialization...
2025-03-14 15:23:02,826 - Creating users table if not exists...
2025-03-14 15:23:02,830 - Creating user_resumes table if not exists...
2025-03-14 15:23:02,831 - Creating jobs table if not exists...
2025-03-14 15:23:02,831 - Creating match_results table if not exists...
2025-03-14 15:23:02,832 - Creating indexes...
2025-03-14 15:23:02,833 - Database initialization completed successfully!
2025-03-14 15:23:02,834 - Application startup complete.
2025-03-14 15:23:05,864 - Shutting down
2025-03-14 15:23:05,982 - Waiting for application shutdown.
2025-03-14 15:23:06,069 - Application shutdown complete.
2025-03-14 15:23:06,070 - Finished server process [57873]
2025-03-14 15:23:09,504 - Started server process [57891]
2025-03-14 15:23:09,505 - Waiting for application startup.
2025-03-14 15:23:09,505 - Starting database initialization...
2025-03-14 15:23:09,545 - Creating users table if not exists...
2025-03-14 15:23:09,547 - Creating user_resumes table if not exists...
2025-03-14 15:23:09,547 - Creating jobs table if not exists...
2025-03-14 15:23:09,548 - Creating match_results table if not exists...
2025-03-14 15:23:09,548 - Creating indexes...
2025-03-14 15:23:09,549 - Database initialization completed successfully!
2025-03-14 15:23:09,550 - Application startup complete.
2025-03-14 15:23:21,655 - {'url': '/api/resumes/user', 'method': 'GET', 'process_time': 0.05024409294128418}
2025-03-14 15:23:21,685 - {'url': '/api/resumes/user', 'method': 'GET', 'process_time': 0.024830341339111328}
2025-03-14 15:23:25,854 - Logging in user test@gmail.com
2025-03-14 15:23:26,163 - {'url': '/api/auth/login', 'method': 'POST', 'process_time': 0.3110840320587158}
2025-03-14 15:23:26,181 - Getting current user user_id='62efd923-f54f-4fd2-8d63-e6f792523138' email='test@gmail.com' full_name='Ian' is_active=True is_verified=False role='user' created_at=datetime.datetime(2025, 3, 14, 14, 35, 37, 319128) updated_at=datetime.datetime(2025, 3, 14, 14, 35, 37, 319128)
2025-03-14 15:23:26,181 - {'url': '/api/auth/me', 'method': 'GET', 'process_time': 0.012407779693603516}
2025-03-14 15:23:26,270 - Getting current user user_id='62efd923-f54f-4fd2-8d63-e6f792523138' email='test@gmail.com' full_name='Ian' is_active=True is_verified=False role='user' created_at=datetime.datetime(2025, 3, 14, 14, 35, 37, 319128) updated_at=datetime.datetime(2025, 3, 14, 14, 35, 37, 319128)
2025-03-14 15:23:26,271 - {'url': '/api/resumes/user', 'method': 'GET', 'process_time': 0.03075408935546875}
2025-03-14 15:23:26,271 - {'url': '/api/auth/me', 'method': 'GET', 'process_time': 0.03219413757324219}
2025-03-14 15:23:26,288 - {'url': '/api/resumes/user', 'method': 'GET', 'process_time': 0.012305021286010742}
2025-03-14 15:23:26,302 - {'url': '/api/resumes/user', 'method': 'GET', 'process_time': 0.010571956634521484}
2025-03-14 15:23:36,567 - {'url': '/api/resumes/upload', 'method': 'POST', 'process_time': 1.5331809520721436}
2025-03-14 15:23:36,596 - {'url': '/api/resumes/user', 'method': 'GET', 'process_time': 0.01223897933959961}
2025-03-14 15:23:41,803 - {'url': '/api/resumes/user', 'method': 'GET', 'process_time': 0.0334322452545166}
2025-03-14 15:23:41,827 - {'url': '/api/resumes/user', 'method': 'GET', 'process_time': 0.019649028778076172}
